{
  "stats": {
    "suites": 7,
    "tests": 7,
    "passes": 2,
    "pending": 0,
    "failures": 5,
    "start": "2023-04-10T22:01:30.830Z",
    "end": "2023-04-10T22:02:22.202Z",
    "duration": 51372,
    "testsRegistered": 7,
    "passPercent": 28.57142857142857,
    "pendingPercent": 0,
    "other": 0,
    "hasOther": false,
    "skipped": 0,
    "hasSkipped": false
  },
  "results": [
    {
      "uuid": "787282e4-a0e0-4379-8895-83e57a4e9ef8",
      "title": "",
      "fullFile": "cypress/integration/project.spec.js",
      "file": "cypress/integration/project.spec.js",
      "beforeHooks": [],
      "afterHooks": [],
      "tests": [],
      "suites": [
        {
          "uuid": "7108435c-862e-47e5-a437-d653a25f15bc",
          "title": "Desafio Técnico: manipulação de DOM",
          "fullFile": "",
          "file": "",
          "beforeHooks": [],
          "afterHooks": [],
          "tests": [],
          "suites": [
            {
              "uuid": "e37adccd-0839-452f-8fea-0bd81189e7c5",
              "title": "Exercício 1 - Alterando o texto",
              "fullFile": "",
              "file": "",
              "beforeHooks": [],
              "afterHooks": [],
              "tests": [
                {
                  "title": "O texto do parágrafo não pode ser -----",
                  "fullTitle": "Desafio Técnico: manipulação de DOM Exercício 1 - Alterando o texto O texto do parágrafo não pode ser -----",
                  "timedOut": null,
                  "duration": 251,
                  "state": "passed",
                  "speed": "fast",
                  "pass": true,
                  "fail": false,
                  "pending": false,
                  "context": null,
                  "code": "cy.get(PARAGRAFO_EX1).should('not.have.text', '-----');",
                  "err": {},
                  "uuid": "f7f0d29a-bc4b-4a3a-8dcc-a5b930017d62",
                  "parentUUID": "e37adccd-0839-452f-8fea-0bd81189e7c5",
                  "isHook": false,
                  "skipped": false
                }
              ],
              "suites": [],
              "passes": [
                "f7f0d29a-bc4b-4a3a-8dcc-a5b930017d62"
              ],
              "failures": [],
              "pending": [],
              "skipped": [],
              "duration": 251,
              "root": false,
              "rootEmpty": false,
              "_timeout": 2000
            },
            {
              "uuid": "7d15807f-9c46-4558-a1eb-a3672e0cbcfe",
              "title": "Exercício 2 - Alterando a cor - quadrado amarelo",
              "fullFile": "",
              "file": "",
              "beforeHooks": [],
              "afterHooks": [],
              "tests": [
                {
                  "title": "A nova cor do quadrado amarelo deve ser rgb(76, 164, 109)",
                  "fullTitle": "Desafio Técnico: manipulação de DOM Exercício 2 - Alterando a cor - quadrado amarelo A nova cor do quadrado amarelo deve ser rgb(76, 164, 109)",
                  "timedOut": null,
                  "duration": 10119,
                  "state": "failed",
                  "speed": null,
                  "pass": false,
                  "fail": true,
                  "pending": false,
                  "context": null,
                  "code": "cy.get(QUADRADO_AMARELO).should('have.css', 'background-color', 'rgb(76, 164, 109)');",
                  "err": {
                    "message": "AssertionError: Timed out retrying after 10000ms: expected '<main.main-content>' to have CSS property 'background-color' with the value 'rgb(76, 164, 109)', but the value was 'rgb(255, 255, 0)'",
                    "estack": "AssertionError: Timed out retrying after 10000ms: expected '<main.main-content>' to have CSS property 'background-color' with the value 'rgb(76, 164, 109)', but the value was 'rgb(255, 255, 0)'\n    at Context.eval (http://localhost:41605/__cypress/tests?p=cypress/integration/project.spec.js:122:32)",
                    "diff": "- 'rgb(255, 255, 0)'\n+ 'rgb(76, 164, 109)'\n"
                  },
                  "uuid": "d225b1f4-6469-47f0-beb5-6d992583fc64",
                  "parentUUID": "7d15807f-9c46-4558-a1eb-a3672e0cbcfe",
                  "isHook": false,
                  "skipped": false
                }
              ],
              "suites": [],
              "passes": [],
              "failures": [
                "d225b1f4-6469-47f0-beb5-6d992583fc64"
              ],
              "pending": [],
              "skipped": [],
              "duration": 10119,
              "root": false,
              "rootEmpty": false,
              "_timeout": 2000
            },
            {
              "uuid": "abc5a7ea-1e6a-474b-897b-c98051c351a3",
              "title": "Exercício 3 - Alterando a cor - quadrado vermelho",
              "fullFile": "",
              "file": "",
              "beforeHooks": [],
              "afterHooks": [],
              "tests": [
                {
                  "title": "A nova cor do quadrado vermelho deve ser branca",
                  "fullTitle": "Desafio Técnico: manipulação de DOM Exercício 3 - Alterando a cor - quadrado vermelho A nova cor do quadrado vermelho deve ser branca",
                  "timedOut": null,
                  "duration": 10228,
                  "state": "failed",
                  "speed": null,
                  "pass": false,
                  "fail": true,
                  "pending": false,
                  "context": null,
                  "code": "cy.get(QUADRADO_VERMELHO).should('have.css', 'background-color', 'rgb(255, 255, 255)');",
                  "err": {
                    "message": "AssertionError: Timed out retrying after 10000ms: expected '<section.center-content>' to have CSS property 'background-color' with the value 'rgb(255, 255, 255)', but the value was 'rgb(255, 0, 0)'",
                    "estack": "AssertionError: Timed out retrying after 10000ms: expected '<section.center-content>' to have CSS property 'background-color' with the value 'rgb(255, 255, 255)', but the value was 'rgb(255, 0, 0)'\n    at Context.eval (http://localhost:41605/__cypress/tests?p=cypress/integration/project.spec.js:127:33)",
                    "diff": "- 'rgb(255, 0, 0)'\n+ 'rgb(255, 255, 255)'\n"
                  },
                  "uuid": "3feae6c2-7597-4920-875a-172a6ffaebb4",
                  "parentUUID": "abc5a7ea-1e6a-474b-897b-c98051c351a3",
                  "isHook": false,
                  "skipped": false
                }
              ],
              "suites": [],
              "passes": [],
              "failures": [
                "3feae6c2-7597-4920-875a-172a6ffaebb4"
              ],
              "pending": [],
              "skipped": [],
              "duration": 10228,
              "root": false,
              "rootEmpty": false,
              "_timeout": 2000
            },
            {
              "uuid": "48a9a0e1-f7bb-46d9-9f58-798dae86b986",
              "title": "Exercício 4 - Corrigindo o título",
              "fullFile": "",
              "file": "",
              "beforeHooks": [],
              "afterHooks": [],
              "tests": [
                {
                  "title": "O título existe",
                  "fullTitle": "Desafio Técnico: manipulação de DOM Exercício 4 - Corrigindo o título O título existe",
                  "timedOut": null,
                  "duration": 144,
                  "state": "passed",
                  "speed": "fast",
                  "pass": true,
                  "fail": false,
                  "pending": false,
                  "context": null,
                  "code": "cy.get(TITULO).should('exist');",
                  "err": {},
                  "uuid": "374c41d4-de87-4181-a39c-c1734948a992",
                  "parentUUID": "48a9a0e1-f7bb-46d9-9f58-798dae86b986",
                  "isHook": false,
                  "skipped": false
                },
                {
                  "title": "O texto do título deve estar corrigido",
                  "fullTitle": "Desafio Técnico: manipulação de DOM Exercício 4 - Corrigindo o título O texto do título deve estar corrigido",
                  "timedOut": null,
                  "duration": 10111,
                  "state": "failed",
                  "speed": null,
                  "pass": false,
                  "fail": true,
                  "pending": false,
                  "context": null,
                  "code": "cy.get(TITULO).should('have.text', 'Desafio - JavaScript');",
                  "err": {
                    "message": "AssertionError: Timed out retrying after 10000ms: expected '<h1.title>' to have text 'Desafio - JavaScript', but the text was 'Desafio - JavaEscripito'",
                    "estack": "AssertionError: Timed out retrying after 10000ms: expected '<h1.title>' to have text 'Desafio - JavaScript', but the text was 'Desafio - JavaEscripito'\n    at Context.eval (http://localhost:41605/__cypress/tests?p=cypress/integration/project.spec.js:135:22)",
                    "diff": "- 'Desafio - JavaEscripito'\n+ 'Desafio - JavaScript'\n"
                  },
                  "uuid": "cac465d3-09f0-400a-a17c-1521a3f4c291",
                  "parentUUID": "48a9a0e1-f7bb-46d9-9f58-798dae86b986",
                  "isHook": false,
                  "skipped": false
                }
              ],
              "suites": [],
              "passes": [
                "374c41d4-de87-4181-a39c-c1734948a992"
              ],
              "failures": [
                "cac465d3-09f0-400a-a17c-1521a3f4c291"
              ],
              "pending": [],
              "skipped": [],
              "duration": 10255,
              "root": false,
              "rootEmpty": false,
              "_timeout": 2000
            },
            {
              "uuid": "2719f85c-5592-422a-828a-a390220eddef",
              "title": "Exercício 5 - Letras maiúsculas",
              "fullFile": "",
              "file": "",
              "beforeHooks": [],
              "afterHooks": [],
              "tests": [
                {
                  "title": "O texto do parágrafo deve estar em letras maiúsculas",
                  "fullTitle": "Desafio Técnico: manipulação de DOM Exercício 5 - Letras maiúsculas O texto do parágrafo deve estar em letras maiúsculas",
                  "timedOut": null,
                  "duration": 10145,
                  "state": "failed",
                  "speed": null,
                  "pass": false,
                  "fail": true,
                  "pending": false,
                  "context": null,
                  "code": "cy.get(PARAGRAFO_EX5).should('have.text', 'TEXTO PADRÃO DO NOSSO SITE');",
                  "err": {
                    "message": "AssertionError: Timed out retrying after 10000ms: expected '<p>' to have text 'TEXTO PADRÃO DO NOSSO SITE', but the text was 'Texto padrão do nosso site'",
                    "estack": "AssertionError: Timed out retrying after 10000ms: expected '<p>' to have text 'TEXTO PADRÃO DO NOSSO SITE', but the text was 'Texto padrão do nosso site'\n    at Context.eval (http://localhost:41605/__cypress/tests?p=cypress/integration/project.spec.js:140:29)",
                    "diff": "- 'Texto padrão do nosso site'\n+ 'TEXTO PADRÃO DO NOSSO SITE'\n"
                  },
                  "uuid": "3c7db865-43e8-4452-82be-c2a23c5f05dd",
                  "parentUUID": "2719f85c-5592-422a-828a-a390220eddef",
                  "isHook": false,
                  "skipped": false
                }
              ],
              "suites": [],
              "passes": [],
              "failures": [
                "3c7db865-43e8-4452-82be-c2a23c5f05dd"
              ],
              "pending": [],
              "skipped": [],
              "duration": 10145,
              "root": false,
              "rootEmpty": false,
              "_timeout": 2000
            },
            {
              "uuid": "43030db6-efc0-4d91-89d2-2dd77747bf6e",
              "title": "Exercício 6 - Exibindo tags",
              "fullFile": "",
              "file": "",
              "beforeHooks": [],
              "afterHooks": [],
              "tests": [
                {
                  "title": "O parágrafo do rodapé deve conter os conteúdos das tags p",
                  "fullTitle": "Desafio Técnico: manipulação de DOM Exercício 6 - Exibindo tags O parágrafo do rodapé deve conter os conteúdos das tags p",
                  "timedOut": null,
                  "duration": 10156,
                  "state": "failed",
                  "speed": null,
                  "pass": false,
                  "fail": true,
                  "pending": false,
                  "context": null,
                  "code": "cy.get(PARAGRAFO_EX6).contains(/TEXTO PADRÃO DO NOSSO SITE .+ Trybe/);",
                  "err": {
                    "message": "AssertionError: Timed out retrying after 10000ms: Expected to find content: '/TEXTO PADRÃO DO NOSSO SITE .+ Trybe/' within the element: <p> but never did.",
                    "estack": "AssertionError: Timed out retrying after 10000ms: Expected to find content: '/TEXTO PADRÃO DO NOSSO SITE .+ Trybe/' within the element: <p> but never did.\n    at Context.eval (http://localhost:41605/__cypress/tests?p=cypress/integration/project.spec.js:145:29)",
                    "diff": null
                  },
                  "uuid": "43b63dce-7c98-4ac3-b560-15fae54850c1",
                  "parentUUID": "43030db6-efc0-4d91-89d2-2dd77747bf6e",
                  "isHook": false,
                  "skipped": false
                }
              ],
              "suites": [],
              "passes": [],
              "failures": [
                "43b63dce-7c98-4ac3-b560-15fae54850c1"
              ],
              "pending": [],
              "skipped": [],
              "duration": 10156,
              "root": false,
              "rootEmpty": false,
              "_timeout": 2000
            }
          ],
          "passes": [],
          "failures": [],
          "pending": [],
          "skipped": [],
          "duration": 0,
          "root": false,
          "rootEmpty": false,
          "_timeout": 2000
        }
      ],
      "passes": [],
      "failures": [],
      "pending": [],
      "skipped": [],
      "duration": 0,
      "root": true,
      "rootEmpty": true,
      "_timeout": 2000
    }
  ],
  "meta": {
    "mocha": {
      "version": "7.0.1"
    },
    "mochawesome": {
      "options": {
        "quiet": false,
        "reportFilename": "mochawesome",
        "saveHtml": false,
        "saveJson": true,
        "consoleReporter": "spec",
        "useInlineDiffs": false,
        "code": true
      },
      "version": "6.2.2"
    },
    "marge": {
      "options": {
        "id": "default",
        "reportDir": "cypress/reports",
        "overwrite": false,
        "html": false,
        "json": true
      },
      "version": "5.2.0"
    }
  }
}