{
  "stats": {
    "suites": 7,
    "tests": 7,
    "passes": 7,
    "pending": 0,
    "failures": 0,
    "start": "2023-04-11T00:42:33.574Z",
    "end": "2023-04-11T00:42:34.696Z",
    "duration": 1122,
    "testsRegistered": 7,
    "passPercent": 100,
    "pendingPercent": 0,
    "other": 0,
    "hasOther": false,
    "skipped": 0,
    "hasSkipped": false
  },
  "results": [
    {
      "uuid": "1a1920a1-2dc3-4100-b36b-2b892721321c",
      "title": "",
      "fullFile": "cypress/integration/project.spec.js",
      "file": "cypress/integration/project.spec.js",
      "beforeHooks": [],
      "afterHooks": [],
      "tests": [],
      "suites": [
        {
          "uuid": "55d71b61-1236-4d17-97eb-613d591bc5c9",
          "title": "Desafio Técnico: manipulação de DOM",
          "fullFile": "",
          "file": "",
          "beforeHooks": [],
          "afterHooks": [],
          "tests": [],
          "suites": [
            {
              "uuid": "22e9c252-8432-49b4-990f-9dcaa401d06d",
              "title": "Exercício 1 - Alterando o texto",
              "fullFile": "",
              "file": "",
              "beforeHooks": [],
              "afterHooks": [],
              "tests": [
                {
                  "title": "O texto do parágrafo não pode ser -----",
                  "fullTitle": "Desafio Técnico: manipulação de DOM Exercício 1 - Alterando o texto O texto do parágrafo não pode ser -----",
                  "timedOut": null,
                  "duration": 236,
                  "state": "passed",
                  "speed": "fast",
                  "pass": true,
                  "fail": false,
                  "pending": false,
                  "context": null,
                  "code": "cy.get(PARAGRAFO_EX1).should('not.have.text', '-----');",
                  "err": {},
                  "uuid": "b9c952bf-87e4-4ebf-bde8-9b6d1c50245a",
                  "parentUUID": "22e9c252-8432-49b4-990f-9dcaa401d06d",
                  "isHook": false,
                  "skipped": false
                }
              ],
              "suites": [],
              "passes": [
                "b9c952bf-87e4-4ebf-bde8-9b6d1c50245a"
              ],
              "failures": [],
              "pending": [],
              "skipped": [],
              "duration": 236,
              "root": false,
              "rootEmpty": false,
              "_timeout": 2000
            },
            {
              "uuid": "a4f57e61-eb9b-4461-ac4c-1f891e0551a5",
              "title": "Exercício 2 - Alterando a cor - quadrado amarelo",
              "fullFile": "",
              "file": "",
              "beforeHooks": [],
              "afterHooks": [],
              "tests": [
                {
                  "title": "A nova cor do quadrado amarelo deve ser rgb(76, 164, 109)",
                  "fullTitle": "Desafio Técnico: manipulação de DOM Exercício 2 - Alterando a cor - quadrado amarelo A nova cor do quadrado amarelo deve ser rgb(76, 164, 109)",
                  "timedOut": null,
                  "duration": 115,
                  "state": "passed",
                  "speed": "fast",
                  "pass": true,
                  "fail": false,
                  "pending": false,
                  "context": null,
                  "code": "cy.get(QUADRADO_AMARELO).should('have.css', 'background-color', 'rgb(76, 164, 109)');",
                  "err": {},
                  "uuid": "2ac10c2d-c216-4a42-be5a-1584f2deecce",
                  "parentUUID": "a4f57e61-eb9b-4461-ac4c-1f891e0551a5",
                  "isHook": false,
                  "skipped": false
                }
              ],
              "suites": [],
              "passes": [
                "2ac10c2d-c216-4a42-be5a-1584f2deecce"
              ],
              "failures": [],
              "pending": [],
              "skipped": [],
              "duration": 115,
              "root": false,
              "rootEmpty": false,
              "_timeout": 2000
            },
            {
              "uuid": "1f25b934-f155-4c4e-a9d0-ba278f5fec2c",
              "title": "Exercício 3 - Alterando a cor - quadrado vermelho",
              "fullFile": "",
              "file": "",
              "beforeHooks": [],
              "afterHooks": [],
              "tests": [
                {
                  "title": "A nova cor do quadrado vermelho deve ser branca",
                  "fullTitle": "Desafio Técnico: manipulação de DOM Exercício 3 - Alterando a cor - quadrado vermelho A nova cor do quadrado vermelho deve ser branca",
                  "timedOut": null,
                  "duration": 169,
                  "state": "passed",
                  "speed": "fast",
                  "pass": true,
                  "fail": false,
                  "pending": false,
                  "context": null,
                  "code": "cy.get(QUADRADO_VERMELHO).should('have.css', 'background-color', 'rgb(255, 255, 255)');",
                  "err": {},
                  "uuid": "4ebd8cd7-f22a-4b6a-bd6d-966546f17fdc",
                  "parentUUID": "1f25b934-f155-4c4e-a9d0-ba278f5fec2c",
                  "isHook": false,
                  "skipped": false
                }
              ],
              "suites": [],
              "passes": [
                "4ebd8cd7-f22a-4b6a-bd6d-966546f17fdc"
              ],
              "failures": [],
              "pending": [],
              "skipped": [],
              "duration": 169,
              "root": false,
              "rootEmpty": false,
              "_timeout": 2000
            },
            {
              "uuid": "e2c0890c-824e-4e64-8171-41dd3f423b93",
              "title": "Exercício 4 - Corrigindo o título",
              "fullFile": "",
              "file": "",
              "beforeHooks": [],
              "afterHooks": [],
              "tests": [
                {
                  "title": "O título existe",
                  "fullTitle": "Desafio Técnico: manipulação de DOM Exercício 4 - Corrigindo o título O título existe",
                  "timedOut": null,
                  "duration": 155,
                  "state": "passed",
                  "speed": "fast",
                  "pass": true,
                  "fail": false,
                  "pending": false,
                  "context": null,
                  "code": "cy.get(TITULO).should('exist');",
                  "err": {},
                  "uuid": "9081512a-8e0d-4ca7-a20d-bd548fbf9ac2",
                  "parentUUID": "e2c0890c-824e-4e64-8171-41dd3f423b93",
                  "isHook": false,
                  "skipped": false
                },
                {
                  "title": "O texto do título deve estar corrigido",
                  "fullTitle": "Desafio Técnico: manipulação de DOM Exercício 4 - Corrigindo o título O texto do título deve estar corrigido",
                  "timedOut": null,
                  "duration": 112,
                  "state": "passed",
                  "speed": "fast",
                  "pass": true,
                  "fail": false,
                  "pending": false,
                  "context": null,
                  "code": "cy.get(TITULO).should('have.text', 'Desafio - JavaScript');",
                  "err": {},
                  "uuid": "ceba85f6-4530-42ca-aea3-a28a9c09443c",
                  "parentUUID": "e2c0890c-824e-4e64-8171-41dd3f423b93",
                  "isHook": false,
                  "skipped": false
                }
              ],
              "suites": [],
              "passes": [
                "9081512a-8e0d-4ca7-a20d-bd548fbf9ac2",
                "ceba85f6-4530-42ca-aea3-a28a9c09443c"
              ],
              "failures": [],
              "pending": [],
              "skipped": [],
              "duration": 267,
              "root": false,
              "rootEmpty": false,
              "_timeout": 2000
            },
            {
              "uuid": "ba4e00e4-68d4-4957-8874-6ca1d4849f38",
              "title": "Exercício 5 - Letras maiúsculas",
              "fullFile": "",
              "file": "",
              "beforeHooks": [],
              "afterHooks": [],
              "tests": [
                {
                  "title": "O texto do parágrafo deve estar em letras maiúsculas",
                  "fullTitle": "Desafio Técnico: manipulação de DOM Exercício 5 - Letras maiúsculas O texto do parágrafo deve estar em letras maiúsculas",
                  "timedOut": null,
                  "duration": 131,
                  "state": "passed",
                  "speed": "fast",
                  "pass": true,
                  "fail": false,
                  "pending": false,
                  "context": null,
                  "code": "cy.get(PARAGRAFO_EX5).should('have.text', 'TEXTO PADRÃO DO NOSSO SITE');",
                  "err": {},
                  "uuid": "493ff468-e6e4-440f-bd08-f848d3f8986e",
                  "parentUUID": "ba4e00e4-68d4-4957-8874-6ca1d4849f38",
                  "isHook": false,
                  "skipped": false
                }
              ],
              "suites": [],
              "passes": [
                "493ff468-e6e4-440f-bd08-f848d3f8986e"
              ],
              "failures": [],
              "pending": [],
              "skipped": [],
              "duration": 131,
              "root": false,
              "rootEmpty": false,
              "_timeout": 2000
            },
            {
              "uuid": "7234c46f-c09e-4f35-9f47-0215c232ab94",
              "title": "Exercício 6 - Exibindo tags",
              "fullFile": "",
              "file": "",
              "beforeHooks": [],
              "afterHooks": [],
              "tests": [
                {
                  "title": "O parágrafo do rodapé deve conter os conteúdos das tags p",
                  "fullTitle": "Desafio Técnico: manipulação de DOM Exercício 6 - Exibindo tags O parágrafo do rodapé deve conter os conteúdos das tags p",
                  "timedOut": null,
                  "duration": 161,
                  "state": "passed",
                  "speed": "fast",
                  "pass": true,
                  "fail": false,
                  "pending": false,
                  "context": null,
                  "code": "cy.get(PARAGRAFO_EX6).contains(/TEXTO PADRÃO DO NOSSO SITE .+ Trybe/);",
                  "err": {},
                  "uuid": "517bf121-2f89-4b55-bdb7-bb280c4128f3",
                  "parentUUID": "7234c46f-c09e-4f35-9f47-0215c232ab94",
                  "isHook": false,
                  "skipped": false
                }
              ],
              "suites": [],
              "passes": [
                "517bf121-2f89-4b55-bdb7-bb280c4128f3"
              ],
              "failures": [],
              "pending": [],
              "skipped": [],
              "duration": 161,
              "root": false,
              "rootEmpty": false,
              "_timeout": 2000
            }
          ],
          "passes": [],
          "failures": [],
          "pending": [],
          "skipped": [],
          "duration": 0,
          "root": false,
          "rootEmpty": false,
          "_timeout": 2000
        }
      ],
      "passes": [],
      "failures": [],
      "pending": [],
      "skipped": [],
      "duration": 0,
      "root": true,
      "rootEmpty": true,
      "_timeout": 2000
    }
  ],
  "meta": {
    "mocha": {
      "version": "7.0.1"
    },
    "mochawesome": {
      "options": {
        "quiet": false,
        "reportFilename": "mochawesome",
        "saveHtml": false,
        "saveJson": true,
        "consoleReporter": "spec",
        "useInlineDiffs": false,
        "code": true
      },
      "version": "6.2.2"
    },
    "marge": {
      "options": {
        "id": "default",
        "reportDir": "cypress/reports",
        "overwrite": false,
        "html": false,
        "json": true
      },
      "version": "5.2.0"
    }
  }
}