{
  "stats": {
    "suites": 7,
    "tests": 7,
    "passes": 5,
    "pending": 0,
    "failures": 2,
    "start": "2023-04-10T23:16:40.445Z",
    "end": "2023-04-10T23:17:02.222Z",
    "duration": 21777,
    "testsRegistered": 7,
    "passPercent": 71.42857142857143,
    "pendingPercent": 0,
    "other": 0,
    "hasOther": false,
    "skipped": 0,
    "hasSkipped": false
  },
  "results": [
    {
      "uuid": "59fd5c92-0bb2-4fb0-ac93-1db95f951107",
      "title": "",
      "fullFile": "cypress/integration/project.spec.js",
      "file": "cypress/integration/project.spec.js",
      "beforeHooks": [],
      "afterHooks": [],
      "tests": [],
      "suites": [
        {
          "uuid": "40477a38-1f70-4967-a317-93b845607331",
          "title": "Desafio Técnico: manipulação de DOM",
          "fullFile": "",
          "file": "",
          "beforeHooks": [],
          "afterHooks": [],
          "tests": [],
          "suites": [
            {
              "uuid": "ea2cba12-b250-47ab-92fa-72fa112a3b30",
              "title": "Exercício 1 - Alterando o texto",
              "fullFile": "",
              "file": "",
              "beforeHooks": [],
              "afterHooks": [],
              "tests": [
                {
                  "title": "O texto do parágrafo não pode ser -----",
                  "fullTitle": "Desafio Técnico: manipulação de DOM Exercício 1 - Alterando o texto O texto do parágrafo não pode ser -----",
                  "timedOut": null,
                  "duration": 417,
                  "state": "passed",
                  "speed": "fast",
                  "pass": true,
                  "fail": false,
                  "pending": false,
                  "context": null,
                  "code": "cy.get(PARAGRAFO_EX1).should('not.have.text', '-----');",
                  "err": {},
                  "uuid": "5bc29482-09da-4688-b60f-258f9348ff6c",
                  "parentUUID": "ea2cba12-b250-47ab-92fa-72fa112a3b30",
                  "isHook": false,
                  "skipped": false
                }
              ],
              "suites": [],
              "passes": [
                "5bc29482-09da-4688-b60f-258f9348ff6c"
              ],
              "failures": [],
              "pending": [],
              "skipped": [],
              "duration": 417,
              "root": false,
              "rootEmpty": false,
              "_timeout": 2000
            },
            {
              "uuid": "bf9596ac-0407-4ad0-9455-82ec69b00c15",
              "title": "Exercício 2 - Alterando a cor - quadrado amarelo",
              "fullFile": "",
              "file": "",
              "beforeHooks": [],
              "afterHooks": [],
              "tests": [
                {
                  "title": "A nova cor do quadrado amarelo deve ser rgb(76, 164, 109)",
                  "fullTitle": "Desafio Técnico: manipulação de DOM Exercício 2 - Alterando a cor - quadrado amarelo A nova cor do quadrado amarelo deve ser rgb(76, 164, 109)",
                  "timedOut": null,
                  "duration": 157,
                  "state": "passed",
                  "speed": "fast",
                  "pass": true,
                  "fail": false,
                  "pending": false,
                  "context": null,
                  "code": "cy.get(QUADRADO_AMARELO).should('have.css', 'background-color', 'rgb(76, 164, 109)');",
                  "err": {},
                  "uuid": "f36b530a-8e7a-4ba8-803e-2e0d3a4879c6",
                  "parentUUID": "bf9596ac-0407-4ad0-9455-82ec69b00c15",
                  "isHook": false,
                  "skipped": false
                }
              ],
              "suites": [],
              "passes": [
                "f36b530a-8e7a-4ba8-803e-2e0d3a4879c6"
              ],
              "failures": [],
              "pending": [],
              "skipped": [],
              "duration": 157,
              "root": false,
              "rootEmpty": false,
              "_timeout": 2000
            },
            {
              "uuid": "f2ee8390-f3d8-4b44-b85b-7b1b8994ab46",
              "title": "Exercício 3 - Alterando a cor - quadrado vermelho",
              "fullFile": "",
              "file": "",
              "beforeHooks": [],
              "afterHooks": [],
              "tests": [
                {
                  "title": "A nova cor do quadrado vermelho deve ser branca",
                  "fullTitle": "Desafio Técnico: manipulação de DOM Exercício 3 - Alterando a cor - quadrado vermelho A nova cor do quadrado vermelho deve ser branca",
                  "timedOut": null,
                  "duration": 185,
                  "state": "passed",
                  "speed": "fast",
                  "pass": true,
                  "fail": false,
                  "pending": false,
                  "context": null,
                  "code": "cy.get(QUADRADO_VERMELHO).should('have.css', 'background-color', 'rgb(255, 255, 255)');",
                  "err": {},
                  "uuid": "ecf169d8-8f6c-41a2-a7cb-5e713cbcdb1c",
                  "parentUUID": "f2ee8390-f3d8-4b44-b85b-7b1b8994ab46",
                  "isHook": false,
                  "skipped": false
                }
              ],
              "suites": [],
              "passes": [
                "ecf169d8-8f6c-41a2-a7cb-5e713cbcdb1c"
              ],
              "failures": [],
              "pending": [],
              "skipped": [],
              "duration": 185,
              "root": false,
              "rootEmpty": false,
              "_timeout": 2000
            },
            {
              "uuid": "a61bb167-9c71-4392-919a-90b897ab50da",
              "title": "Exercício 4 - Corrigindo o título",
              "fullFile": "",
              "file": "",
              "beforeHooks": [],
              "afterHooks": [],
              "tests": [
                {
                  "title": "O título existe",
                  "fullTitle": "Desafio Técnico: manipulação de DOM Exercício 4 - Corrigindo o título O título existe",
                  "timedOut": null,
                  "duration": 163,
                  "state": "passed",
                  "speed": "fast",
                  "pass": true,
                  "fail": false,
                  "pending": false,
                  "context": null,
                  "code": "cy.get(TITULO).should('exist');",
                  "err": {},
                  "uuid": "8eec1dc5-bc2a-4251-85ec-0177d2e4d3de",
                  "parentUUID": "a61bb167-9c71-4392-919a-90b897ab50da",
                  "isHook": false,
                  "skipped": false
                },
                {
                  "title": "O texto do título deve estar corrigido",
                  "fullTitle": "Desafio Técnico: manipulação de DOM Exercício 4 - Corrigindo o título O texto do título deve estar corrigido",
                  "timedOut": null,
                  "duration": 137,
                  "state": "passed",
                  "speed": "fast",
                  "pass": true,
                  "fail": false,
                  "pending": false,
                  "context": null,
                  "code": "cy.get(TITULO).should('have.text', 'Desafio - JavaScript');",
                  "err": {},
                  "uuid": "9e42de33-638a-4715-9e21-a67034e2927f",
                  "parentUUID": "a61bb167-9c71-4392-919a-90b897ab50da",
                  "isHook": false,
                  "skipped": false
                }
              ],
              "suites": [],
              "passes": [
                "8eec1dc5-bc2a-4251-85ec-0177d2e4d3de",
                "9e42de33-638a-4715-9e21-a67034e2927f"
              ],
              "failures": [],
              "pending": [],
              "skipped": [],
              "duration": 300,
              "root": false,
              "rootEmpty": false,
              "_timeout": 2000
            },
            {
              "uuid": "008ac91a-4352-4960-a8c0-7c48a728b24a",
              "title": "Exercício 5 - Letras maiúsculas",
              "fullFile": "",
              "file": "",
              "beforeHooks": [],
              "afterHooks": [],
              "tests": [
                {
                  "title": "O texto do parágrafo deve estar em letras maiúsculas",
                  "fullTitle": "Desafio Técnico: manipulação de DOM Exercício 5 - Letras maiúsculas O texto do parágrafo deve estar em letras maiúsculas",
                  "timedOut": null,
                  "duration": 10164,
                  "state": "failed",
                  "speed": null,
                  "pass": false,
                  "fail": true,
                  "pending": false,
                  "context": null,
                  "code": "cy.get(PARAGRAFO_EX5).should('have.text', 'TEXTO PADRÃO DO NOSSO SITE');",
                  "err": {
                    "message": "AssertionError: Timed out retrying after 10000ms: expected '<p>' to have text 'TEXTO PADRÃO DO NOSSO SITE', but the text was 'Texto padrão do nosso site'",
                    "estack": "AssertionError: Timed out retrying after 10000ms: expected '<p>' to have text 'TEXTO PADRÃO DO NOSSO SITE', but the text was 'Texto padrão do nosso site'\n    at Context.eval (http://localhost:43941/__cypress/tests?p=cypress/integration/project.spec.js:140:29)",
                    "diff": "- 'Texto padrão do nosso site'\n+ 'TEXTO PADRÃO DO NOSSO SITE'\n"
                  },
                  "uuid": "8baa582f-1a68-41b8-97ec-63978ab1dc2c",
                  "parentUUID": "008ac91a-4352-4960-a8c0-7c48a728b24a",
                  "isHook": false,
                  "skipped": false
                }
              ],
              "suites": [],
              "passes": [],
              "failures": [
                "8baa582f-1a68-41b8-97ec-63978ab1dc2c"
              ],
              "pending": [],
              "skipped": [],
              "duration": 10164,
              "root": false,
              "rootEmpty": false,
              "_timeout": 2000
            },
            {
              "uuid": "123fcc18-01c2-44d4-a135-ade2a1a4f5fa",
              "title": "Exercício 6 - Exibindo tags",
              "fullFile": "",
              "file": "",
              "beforeHooks": [],
              "afterHooks": [],
              "tests": [
                {
                  "title": "O parágrafo do rodapé deve conter os conteúdos das tags p",
                  "fullTitle": "Desafio Técnico: manipulação de DOM Exercício 6 - Exibindo tags O parágrafo do rodapé deve conter os conteúdos das tags p",
                  "timedOut": null,
                  "duration": 10171,
                  "state": "failed",
                  "speed": null,
                  "pass": false,
                  "fail": true,
                  "pending": false,
                  "context": null,
                  "code": "cy.get(PARAGRAFO_EX6).contains(/TEXTO PADRÃO DO NOSSO SITE .+ Trybe/);",
                  "err": {
                    "message": "AssertionError: Timed out retrying after 10000ms: Expected to find content: '/TEXTO PADRÃO DO NOSSO SITE .+ Trybe/' within the element: <p> but never did.",
                    "estack": "AssertionError: Timed out retrying after 10000ms: Expected to find content: '/TEXTO PADRÃO DO NOSSO SITE .+ Trybe/' within the element: <p> but never did.\n    at Context.eval (http://localhost:43941/__cypress/tests?p=cypress/integration/project.spec.js:145:29)",
                    "diff": null
                  },
                  "uuid": "1487c14f-9b2d-4e55-bd3b-59c6a69d93de",
                  "parentUUID": "123fcc18-01c2-44d4-a135-ade2a1a4f5fa",
                  "isHook": false,
                  "skipped": false
                }
              ],
              "suites": [],
              "passes": [],
              "failures": [
                "1487c14f-9b2d-4e55-bd3b-59c6a69d93de"
              ],
              "pending": [],
              "skipped": [],
              "duration": 10171,
              "root": false,
              "rootEmpty": false,
              "_timeout": 2000
            }
          ],
          "passes": [],
          "failures": [],
          "pending": [],
          "skipped": [],
          "duration": 0,
          "root": false,
          "rootEmpty": false,
          "_timeout": 2000
        }
      ],
      "passes": [],
      "failures": [],
      "pending": [],
      "skipped": [],
      "duration": 0,
      "root": true,
      "rootEmpty": true,
      "_timeout": 2000
    }
  ],
  "meta": {
    "mocha": {
      "version": "7.0.1"
    },
    "mochawesome": {
      "options": {
        "quiet": false,
        "reportFilename": "mochawesome",
        "saveHtml": false,
        "saveJson": true,
        "consoleReporter": "spec",
        "useInlineDiffs": false,
        "code": true
      },
      "version": "6.2.2"
    },
    "marge": {
      "options": {
        "id": "default",
        "reportDir": "cypress/reports",
        "overwrite": false,
        "html": false,
        "json": true
      },
      "version": "5.2.0"
    }
  }
}