{
  "stats": {
    "suites": 7,
    "tests": 7,
    "passes": 6,
    "pending": 0,
    "failures": 1,
    "start": "2023-04-11T00:27:26.358Z",
    "end": "2023-04-11T00:27:37.624Z",
    "duration": 11266,
    "testsRegistered": 7,
    "passPercent": 85.71428571428571,
    "pendingPercent": 0,
    "other": 0,
    "hasOther": false,
    "skipped": 0,
    "hasSkipped": false
  },
  "results": [
    {
      "uuid": "6418ae43-4148-4ce3-a902-b8bb1077c8a3",
      "title": "",
      "fullFile": "cypress/integration/project.spec.js",
      "file": "cypress/integration/project.spec.js",
      "beforeHooks": [],
      "afterHooks": [],
      "tests": [],
      "suites": [
        {
          "uuid": "999d654d-c406-47e9-9d01-c22de1ca1440",
          "title": "Desafio Técnico: manipulação de DOM",
          "fullFile": "",
          "file": "",
          "beforeHooks": [],
          "afterHooks": [],
          "tests": [],
          "suites": [
            {
              "uuid": "f017ee19-d125-4898-a40c-475d257882d6",
              "title": "Exercício 1 - Alterando o texto",
              "fullFile": "",
              "file": "",
              "beforeHooks": [],
              "afterHooks": [],
              "tests": [
                {
                  "title": "O texto do parágrafo não pode ser -----",
                  "fullTitle": "Desafio Técnico: manipulação de DOM Exercício 1 - Alterando o texto O texto do parágrafo não pode ser -----",
                  "timedOut": null,
                  "duration": 265,
                  "state": "passed",
                  "speed": "fast",
                  "pass": true,
                  "fail": false,
                  "pending": false,
                  "context": null,
                  "code": "cy.get(PARAGRAFO_EX1).should('not.have.text', '-----');",
                  "err": {},
                  "uuid": "f7365e84-91a2-4d0d-8bad-ae2aa08f9d62",
                  "parentUUID": "f017ee19-d125-4898-a40c-475d257882d6",
                  "isHook": false,
                  "skipped": false
                }
              ],
              "suites": [],
              "passes": [
                "f7365e84-91a2-4d0d-8bad-ae2aa08f9d62"
              ],
              "failures": [],
              "pending": [],
              "skipped": [],
              "duration": 265,
              "root": false,
              "rootEmpty": false,
              "_timeout": 2000
            },
            {
              "uuid": "2f8cfe83-d106-4fac-bb03-1658343079d3",
              "title": "Exercício 2 - Alterando a cor - quadrado amarelo",
              "fullFile": "",
              "file": "",
              "beforeHooks": [],
              "afterHooks": [],
              "tests": [
                {
                  "title": "A nova cor do quadrado amarelo deve ser rgb(76, 164, 109)",
                  "fullTitle": "Desafio Técnico: manipulação de DOM Exercício 2 - Alterando a cor - quadrado amarelo A nova cor do quadrado amarelo deve ser rgb(76, 164, 109)",
                  "timedOut": null,
                  "duration": 131,
                  "state": "passed",
                  "speed": "fast",
                  "pass": true,
                  "fail": false,
                  "pending": false,
                  "context": null,
                  "code": "cy.get(QUADRADO_AMARELO).should('have.css', 'background-color', 'rgb(76, 164, 109)');",
                  "err": {},
                  "uuid": "d7ad8e10-1d58-480b-8c50-f98f2e595b08",
                  "parentUUID": "2f8cfe83-d106-4fac-bb03-1658343079d3",
                  "isHook": false,
                  "skipped": false
                }
              ],
              "suites": [],
              "passes": [
                "d7ad8e10-1d58-480b-8c50-f98f2e595b08"
              ],
              "failures": [],
              "pending": [],
              "skipped": [],
              "duration": 131,
              "root": false,
              "rootEmpty": false,
              "_timeout": 2000
            },
            {
              "uuid": "c7e713f9-e427-49c4-85e1-7d4d309e11d6",
              "title": "Exercício 3 - Alterando a cor - quadrado vermelho",
              "fullFile": "",
              "file": "",
              "beforeHooks": [],
              "afterHooks": [],
              "tests": [
                {
                  "title": "A nova cor do quadrado vermelho deve ser branca",
                  "fullTitle": "Desafio Técnico: manipulação de DOM Exercício 3 - Alterando a cor - quadrado vermelho A nova cor do quadrado vermelho deve ser branca",
                  "timedOut": null,
                  "duration": 137,
                  "state": "passed",
                  "speed": "fast",
                  "pass": true,
                  "fail": false,
                  "pending": false,
                  "context": null,
                  "code": "cy.get(QUADRADO_VERMELHO).should('have.css', 'background-color', 'rgb(255, 255, 255)');",
                  "err": {},
                  "uuid": "becbd92e-c1de-4f44-b5d5-e367433fcf57",
                  "parentUUID": "c7e713f9-e427-49c4-85e1-7d4d309e11d6",
                  "isHook": false,
                  "skipped": false
                }
              ],
              "suites": [],
              "passes": [
                "becbd92e-c1de-4f44-b5d5-e367433fcf57"
              ],
              "failures": [],
              "pending": [],
              "skipped": [],
              "duration": 137,
              "root": false,
              "rootEmpty": false,
              "_timeout": 2000
            },
            {
              "uuid": "86d961ff-c5c2-4b45-841c-a74457a6c8d6",
              "title": "Exercício 4 - Corrigindo o título",
              "fullFile": "",
              "file": "",
              "beforeHooks": [],
              "afterHooks": [],
              "tests": [
                {
                  "title": "O título existe",
                  "fullTitle": "Desafio Técnico: manipulação de DOM Exercício 4 - Corrigindo o título O título existe",
                  "timedOut": null,
                  "duration": 114,
                  "state": "passed",
                  "speed": "fast",
                  "pass": true,
                  "fail": false,
                  "pending": false,
                  "context": null,
                  "code": "cy.get(TITULO).should('exist');",
                  "err": {},
                  "uuid": "55d33987-6221-4b66-8916-fb68096c2f07",
                  "parentUUID": "86d961ff-c5c2-4b45-841c-a74457a6c8d6",
                  "isHook": false,
                  "skipped": false
                },
                {
                  "title": "O texto do título deve estar corrigido",
                  "fullTitle": "Desafio Técnico: manipulação de DOM Exercício 4 - Corrigindo o título O texto do título deve estar corrigido",
                  "timedOut": null,
                  "duration": 180,
                  "state": "passed",
                  "speed": "fast",
                  "pass": true,
                  "fail": false,
                  "pending": false,
                  "context": null,
                  "code": "cy.get(TITULO).should('have.text', 'Desafio - JavaScript');",
                  "err": {},
                  "uuid": "c9a96aff-fa53-49ce-b95c-76292d37a62f",
                  "parentUUID": "86d961ff-c5c2-4b45-841c-a74457a6c8d6",
                  "isHook": false,
                  "skipped": false
                }
              ],
              "suites": [],
              "passes": [
                "55d33987-6221-4b66-8916-fb68096c2f07",
                "c9a96aff-fa53-49ce-b95c-76292d37a62f"
              ],
              "failures": [],
              "pending": [],
              "skipped": [],
              "duration": 294,
              "root": false,
              "rootEmpty": false,
              "_timeout": 2000
            },
            {
              "uuid": "78529bf9-804c-4662-b601-b6d80f3b2396",
              "title": "Exercício 5 - Letras maiúsculas",
              "fullFile": "",
              "file": "",
              "beforeHooks": [],
              "afterHooks": [],
              "tests": [
                {
                  "title": "O texto do parágrafo deve estar em letras maiúsculas",
                  "fullTitle": "Desafio Técnico: manipulação de DOM Exercício 5 - Letras maiúsculas O texto do parágrafo deve estar em letras maiúsculas",
                  "timedOut": null,
                  "duration": 113,
                  "state": "passed",
                  "speed": "fast",
                  "pass": true,
                  "fail": false,
                  "pending": false,
                  "context": null,
                  "code": "cy.get(PARAGRAFO_EX5).should('have.text', 'TEXTO PADRÃO DO NOSSO SITE');",
                  "err": {},
                  "uuid": "54ad7d07-4ec8-427b-8234-c41a0ab2b322",
                  "parentUUID": "78529bf9-804c-4662-b601-b6d80f3b2396",
                  "isHook": false,
                  "skipped": false
                }
              ],
              "suites": [],
              "passes": [
                "54ad7d07-4ec8-427b-8234-c41a0ab2b322"
              ],
              "failures": [],
              "pending": [],
              "skipped": [],
              "duration": 113,
              "root": false,
              "rootEmpty": false,
              "_timeout": 2000
            },
            {
              "uuid": "3f1916ae-4196-4bd8-9958-20b954c88abe",
              "title": "Exercício 6 - Exibindo tags",
              "fullFile": "",
              "file": "",
              "beforeHooks": [],
              "afterHooks": [],
              "tests": [
                {
                  "title": "O parágrafo do rodapé deve conter os conteúdos das tags p",
                  "fullTitle": "Desafio Técnico: manipulação de DOM Exercício 6 - Exibindo tags O parágrafo do rodapé deve conter os conteúdos das tags p",
                  "timedOut": null,
                  "duration": 10150,
                  "state": "failed",
                  "speed": null,
                  "pass": false,
                  "fail": true,
                  "pending": false,
                  "context": null,
                  "code": "cy.get(PARAGRAFO_EX6).contains(/TEXTO PADRÃO DO NOSSO SITE .+ Trybe/);",
                  "err": {
                    "message": "AssertionError: Timed out retrying after 10000ms: Expected to find content: '/TEXTO PADRÃO DO NOSSO SITE .+ Trybe/' within the element: <p> but never did.",
                    "estack": "AssertionError: Timed out retrying after 10000ms: Expected to find content: '/TEXTO PADRÃO DO NOSSO SITE .+ Trybe/' within the element: <p> but never did.\n    at Context.eval (http://localhost:36525/__cypress/tests?p=cypress/integration/project.spec.js:145:29)",
                    "diff": null
                  },
                  "uuid": "8e23a835-e654-4e71-b773-f1b838531738",
                  "parentUUID": "3f1916ae-4196-4bd8-9958-20b954c88abe",
                  "isHook": false,
                  "skipped": false
                }
              ],
              "suites": [],
              "passes": [],
              "failures": [
                "8e23a835-e654-4e71-b773-f1b838531738"
              ],
              "pending": [],
              "skipped": [],
              "duration": 10150,
              "root": false,
              "rootEmpty": false,
              "_timeout": 2000
            }
          ],
          "passes": [],
          "failures": [],
          "pending": [],
          "skipped": [],
          "duration": 0,
          "root": false,
          "rootEmpty": false,
          "_timeout": 2000
        }
      ],
      "passes": [],
      "failures": [],
      "pending": [],
      "skipped": [],
      "duration": 0,
      "root": true,
      "rootEmpty": true,
      "_timeout": 2000
    }
  ],
  "meta": {
    "mocha": {
      "version": "7.0.1"
    },
    "mochawesome": {
      "options": {
        "quiet": false,
        "reportFilename": "mochawesome",
        "saveHtml": false,
        "saveJson": true,
        "consoleReporter": "spec",
        "useInlineDiffs": false,
        "code": true
      },
      "version": "6.2.2"
    },
    "marge": {
      "options": {
        "id": "default",
        "reportDir": "cypress/reports",
        "overwrite": false,
        "html": false,
        "json": true
      },
      "version": "5.2.0"
    }
  }
}